<?xml version="1.0" encoding="UTF-8" ?>
<testsuite failures="0" time="1.212" errors="0" skipped="0" tests="2" name="org.cometd.server.ConcurrentHandshakeFailureSubscribePublishTest">
  <properties>
[...]
</properties>
  <testcase time="1.062" classname="org.cometd.server.ConcurrentHandshakeFailureSubscribePublishTest" name="testConcurrentHandshakeFailureAndSubscribe"/>
  <testcase time="0.143" classname="org.cometd.server.ConcurrentHandshakeFailureSubscribePublishTest" name="testConcurrentHandshakeFailureAndPublish"/>
</testsuite>